<?xml version="1.0" encoding="UTF-8"?>
<!-- Generated by org.testng.reporters.JUnitReportReporter -->
<testsuite skipped="0" hostname="LHTU05CG4472DYW" name="ct.Testcases.SearchTest" tests="12" failures="0" timestamp="2020-10-12T15:03:04 IST" time="73.410" errors="0">
  <testcase name="verifyNameSearch" time="1.131" classname="ct.Testcases.SearchTest"/>
  <testcase name="verifyPrimaryPhoneSearch" time="0.929" classname="ct.Testcases.SearchTest"/>
  <testcase name="verifyPrimaryAddressSearch" time="1.040" classname="ct.Testcases.SearchTest"/>
  <testcase name="verifyMemberPlanSearch" time="2.903" classname="ct.Testcases.SearchTest"/>
  <testcase name="verifyccsCategorySearch" time="1.596" classname="ct.Testcases.SearchTest"/>
  <testcase name="verifyAllFieldSearch" time="36.480" classname="ct.Testcases.SearchTest"/>
  <testcase name="verifyResetOnSearch" time="7.019" classname="ct.Testcases.SearchTest"/>
  <testcase name="verifyWorningText" time="0.297" classname="ct.Testcases.SearchTest"/>
  <testcase name="verifySearchResultOnSearch" time="4.962" classname="ct.Testcases.SearchTest"/>
  <testcase name="verifylabelsOnSearchPage" time="3.117" classname="ct.Testcases.SearchTest"/>
  <testcase name="verifyCancelOnSearch" time="3.505" classname="ct.Testcases.SearchTest"/>
  <testcase name="verifyResutOnDemographic" time="10.431" classname="ct.Testcases.SearchTest"/>
</testsuite> <!-- ct.Testcases.SearchTest -->
