<?xml version="1.0" encoding="UTF-8"?>
<!-- Generated by org.testng.reporters.JUnitReportReporter -->
<testsuite skipped="0" hostname="LHTU05CG4472DYW" name="ct.Testcases.CTWriteExcel" tests="1" failures="0" timestamp="2020-08-24T19:27:30 IST" time="177.516" errors="0">
  <testcase name="memberDemographicWriteTest" time="177.516" classname="ct.Testcases.CTWriteExcel"/>
</testsuite> <!-- ct.Testcases.CTWriteExcel -->
