<?xml version="1.0" encoding="UTF-8"?>
<!-- Generated by org.testng.reporters.JUnitReportReporter -->
<testsuite skipped="0" hostname="LHTU05CG4472DYW" name="ct.Testcases.CostTransparencyFields" tests="128" failures="0" timestamp="2020-10-12T15:03:03 IST" time="22.918" errors="0">
  <testcase name="memberIdentifierTest" time="4.449" classname="ct.Testcases.CostTransparencyFields"/>
  <testcase name="memberIdentifierTest" time="0.281" classname="ct.Testcases.CostTransparencyFields"/>
  <testcase name="memberIdentifierTest" time="1.540" classname="ct.Testcases.CostTransparencyFields"/>
  <testcase name="memberIdentifierTest" time="0.124" classname="ct.Testcases.CostTransparencyFields"/>
  <testcase name="HICNTest" time="0.197" classname="ct.Testcases.CostTransparencyFields"/>
  <testcase name="HICNTest" time="0.107" classname="ct.Testcases.CostTransparencyFields"/>
  <testcase name="HICNTest" time="0.093" classname="ct.Testcases.CostTransparencyFields"/>
  <testcase name="HICNTest" time="0.158" classname="ct.Testcases.CostTransparencyFields"/>
  <testcase name="firstNameTest" time="0.102" classname="ct.Testcases.CostTransparencyFields"/>
  <testcase name="firstNameTest" time="0.112" classname="ct.Testcases.CostTransparencyFields"/>
  <testcase name="firstNameTest" time="0.139" classname="ct.Testcases.CostTransparencyFields"/>
  <testcase name="firstNameTest" time="0.147" classname="ct.Testcases.CostTransparencyFields"/>
  <testcase name="dateOfBirthTest" time="0.112" classname="ct.Testcases.CostTransparencyFields"/>
  <testcase name="dateOfBirthTest" time="0.107" classname="ct.Testcases.CostTransparencyFields"/>
  <testcase name="dateOfBirthTest" time="0.136" classname="ct.Testcases.CostTransparencyFields"/>
  <testcase name="dateOfBirthTest" time="0.167" classname="ct.Testcases.CostTransparencyFields"/>
  <testcase name="primaryPhoneTest" time="0.121" classname="ct.Testcases.CostTransparencyFields"/>
  <testcase name="primaryPhoneTest" time="0.120" classname="ct.Testcases.CostTransparencyFields"/>
  <testcase name="primaryPhoneTest" time="0.103" classname="ct.Testcases.CostTransparencyFields"/>
  <testcase name="primaryPhoneTest" time="0.139" classname="ct.Testcases.CostTransparencyFields"/>
  <testcase name="primaryLanguageTest" time="0.164" classname="ct.Testcases.CostTransparencyFields"/>
  <testcase name="primaryLanguageTest" time="0.095" classname="ct.Testcases.CostTransparencyFields"/>
  <testcase name="primaryLanguageTest" time="0.104" classname="ct.Testcases.CostTransparencyFields"/>
  <testcase name="primaryLanguageTest" time="0.116" classname="ct.Testcases.CostTransparencyFields"/>
  <testcase name="addressTest" time="0.110" classname="ct.Testcases.CostTransparencyFields"/>
  <testcase name="addressTest" time="0.100" classname="ct.Testcases.CostTransparencyFields"/>
  <testcase name="addressTest" time="0.138" classname="ct.Testcases.CostTransparencyFields"/>
  <testcase name="addressTest" time="0.103" classname="ct.Testcases.CostTransparencyFields"/>
  <testcase name="cityTest" time="0.108" classname="ct.Testcases.CostTransparencyFields"/>
  <testcase name="cityTest" time="0.172" classname="ct.Testcases.CostTransparencyFields"/>
  <testcase name="cityTest" time="0.129" classname="ct.Testcases.CostTransparencyFields"/>
  <testcase name="cityTest" time="0.117" classname="ct.Testcases.CostTransparencyFields"/>
  <testcase name="stateTest" time="0.103" classname="ct.Testcases.CostTransparencyFields"/>
  <testcase name="stateTest" time="0.102" classname="ct.Testcases.CostTransparencyFields"/>
  <testcase name="stateTest" time="0.195" classname="ct.Testcases.CostTransparencyFields"/>
  <testcase name="stateTest" time="0.140" classname="ct.Testcases.CostTransparencyFields"/>
  <testcase name="zipCodeTest" time="0.114" classname="ct.Testcases.CostTransparencyFields"/>
  <testcase name="zipCodeTest" time="0.166" classname="ct.Testcases.CostTransparencyFields"/>
  <testcase name="zipCodeTest" time="0.106" classname="ct.Testcases.CostTransparencyFields"/>
  <testcase name="zipCodeTest" time="0.288" classname="ct.Testcases.CostTransparencyFields"/>
  <testcase name="planTest" time="0.163" classname="ct.Testcases.CostTransparencyFields"/>
  <testcase name="planTest" time="0.098" classname="ct.Testcases.CostTransparencyFields"/>
  <testcase name="planTest" time="0.190" classname="ct.Testcases.CostTransparencyFields"/>
  <testcase name="planTest" time="0.164" classname="ct.Testcases.CostTransparencyFields"/>
  <testcase name="planNameTest" time="0.198" classname="ct.Testcases.CostTransparencyFields"/>
  <testcase name="planNameTest" time="0.113" classname="ct.Testcases.CostTransparencyFields"/>
  <testcase name="planNameTest" time="0.106" classname="ct.Testcases.CostTransparencyFields"/>
  <testcase name="planNameTest" time="0.148" classname="ct.Testcases.CostTransparencyFields"/>
  <testcase name="deductibeSpentOutNetworkTest" time="0.095" classname="ct.Testcases.CostTransparencyFields"/>
  <testcase name="deductibeSpentOutNetworkTest" time="0.102" classname="ct.Testcases.CostTransparencyFields"/>
  <testcase name="deductibeSpentOutNetworkTest" time="0.208" classname="ct.Testcases.CostTransparencyFields"/>
  <testcase name="deductibeSpentOutNetworkTest" time="0.113" classname="ct.Testcases.CostTransparencyFields"/>
  <testcase name="deductibeLimitOutNetworkTest" time="0.107" classname="ct.Testcases.CostTransparencyFields"/>
  <testcase name="deductibeLimitOutNetworkTest" time="0.144" classname="ct.Testcases.CostTransparencyFields"/>
  <testcase name="deductibeLimitOutNetworkTest" time="0.105" classname="ct.Testcases.CostTransparencyFields"/>
  <testcase name="deductibeLimitOutNetworkTest" time="0.098" classname="ct.Testcases.CostTransparencyFields"/>
  <testcase name="deductibeSpentInNetworkTest" time="0.099" classname="ct.Testcases.CostTransparencyFields"/>
  <testcase name="deductibeSpentInNetworkTest" time="0.109" classname="ct.Testcases.CostTransparencyFields"/>
  <testcase name="deductibeSpentInNetworkTest" time="0.119" classname="ct.Testcases.CostTransparencyFields"/>
  <testcase name="deductibeSpentInNetworkTest" time="0.105" classname="ct.Testcases.CostTransparencyFields"/>
  <testcase name="deductibeLimitInNetworkTest" time="0.099" classname="ct.Testcases.CostTransparencyFields"/>
  <testcase name="deductibeLimitInNetworkTest" time="0.138" classname="ct.Testcases.CostTransparencyFields"/>
  <testcase name="deductibeLimitInNetworkTest" time="0.122" classname="ct.Testcases.CostTransparencyFields"/>
  <testcase name="deductibeLimitInNetworkTest" time="0.138" classname="ct.Testcases.CostTransparencyFields"/>
  <testcase name="oopSpentOutNetworkTest" time="0.116" classname="ct.Testcases.CostTransparencyFields"/>
  <testcase name="oopSpentOutNetworkTest" time="0.093" classname="ct.Testcases.CostTransparencyFields"/>
  <testcase name="oopSpentOutNetworkTest" time="0.117" classname="ct.Testcases.CostTransparencyFields"/>
  <testcase name="oopSpentOutNetworkTest" time="0.111" classname="ct.Testcases.CostTransparencyFields"/>
  <testcase name="oopLimitOutNetworkTest" time="0.113" classname="ct.Testcases.CostTransparencyFields"/>
  <testcase name="oopLimitOutNetworkTest" time="0.093" classname="ct.Testcases.CostTransparencyFields"/>
  <testcase name="oopLimitOutNetworkTest" time="0.131" classname="ct.Testcases.CostTransparencyFields"/>
  <testcase name="oopLimitOutNetworkTest" time="0.104" classname="ct.Testcases.CostTransparencyFields"/>
  <testcase name="oopSpentInNetworkTest" time="0.124" classname="ct.Testcases.CostTransparencyFields"/>
  <testcase name="oopSpentInNetworkTest" time="0.118" classname="ct.Testcases.CostTransparencyFields"/>
  <testcase name="oopSpentInNetworkTest" time="0.113" classname="ct.Testcases.CostTransparencyFields"/>
  <testcase name="oopSpentInNetworkTest" time="0.109" classname="ct.Testcases.CostTransparencyFields"/>
  <testcase name="oopLimitInNetworkTest" time="0.111" classname="ct.Testcases.CostTransparencyFields"/>
  <testcase name="oopLimitInNetworkTest" time="0.114" classname="ct.Testcases.CostTransparencyFields"/>
  <testcase name="oopLimitInNetworkTest" time="0.209" classname="ct.Testcases.CostTransparencyFields"/>
  <testcase name="oopLimitInNetworkTest" time="0.129" classname="ct.Testcases.CostTransparencyFields"/>
  <testcase name="serviceRefrenceNumberTest" time="0.323" classname="ct.Testcases.CostTransparencyFields"/>
  <testcase name="serviceRefrenceNumberTest" time="0.326" classname="ct.Testcases.CostTransparencyFields"/>
  <testcase name="serviceRefrenceNumberTest" time="0.324" classname="ct.Testcases.CostTransparencyFields"/>
  <testcase name="serviceRefrenceNumberTest" time="0.454" classname="ct.Testcases.CostTransparencyFields"/>
  <testcase name="hscIdTest" time="0.121" classname="ct.Testcases.CostTransparencyFields"/>
  <testcase name="hscIdTest" time="0.104" classname="ct.Testcases.CostTransparencyFields"/>
  <testcase name="hscIdTest" time="0.119" classname="ct.Testcases.CostTransparencyFields"/>
  <testcase name="hscIdTest" time="0.111" classname="ct.Testcases.CostTransparencyFields"/>
  <testcase name="dateOfProcedureTest" time="0.099" classname="ct.Testcases.CostTransparencyFields"/>
  <testcase name="dateOfProcedureTest" time="0.103" classname="ct.Testcases.CostTransparencyFields"/>
  <testcase name="dateOfProcedureTest" time="0.139" classname="ct.Testcases.CostTransparencyFields"/>
  <testcase name="dateOfProcedureTest" time="0.128" classname="ct.Testcases.CostTransparencyFields"/>
  <testcase name="procedureCodeTest" time="0.099" classname="ct.Testcases.CostTransparencyFields"/>
  <testcase name="procedureCodeTest" time="0.093" classname="ct.Testcases.CostTransparencyFields"/>
  <testcase name="procedureCodeTest" time="0.107" classname="ct.Testcases.CostTransparencyFields"/>
  <testcase name="procedureCodeTest" time="0.137" classname="ct.Testcases.CostTransparencyFields"/>
  <testcase name="facilityTest" time="0.141" classname="ct.Testcases.CostTransparencyFields"/>
  <testcase name="facilityTest" time="0.102" classname="ct.Testcases.CostTransparencyFields"/>
  <testcase name="facilityTest" time="0.145" classname="ct.Testcases.CostTransparencyFields"/>
  <testcase name="facilityTest" time="0.090" classname="ct.Testcases.CostTransparencyFields"/>
  <testcase name="providerNameTest" time="0.130" classname="ct.Testcases.CostTransparencyFields"/>
  <testcase name="providerNameTest" time="0.095" classname="ct.Testcases.CostTransparencyFields"/>
  <testcase name="providerNameTest" time="0.380" classname="ct.Testcases.CostTransparencyFields"/>
  <testcase name="providerNameTest" time="0.112" classname="ct.Testcases.CostTransparencyFields"/>
  <testcase name="providerAddressTest" time="0.155" classname="ct.Testcases.CostTransparencyFields"/>
  <testcase name="providerAddressTest" time="0.107" classname="ct.Testcases.CostTransparencyFields"/>
  <testcase name="providerAddressTest" time="0.122" classname="ct.Testcases.CostTransparencyFields"/>
  <testcase name="providerAddressTest" time="0.090" classname="ct.Testcases.CostTransparencyFields"/>
  <testcase name="providerCityTest" time="0.101" classname="ct.Testcases.CostTransparencyFields"/>
  <testcase name="providerStateTest" time="0.102" classname="ct.Testcases.CostTransparencyFields"/>
  <testcase name="providerCityTest" time="0.126" classname="ct.Testcases.CostTransparencyFields"/>
  <testcase name="providerCityTest" time="0.104" classname="ct.Testcases.CostTransparencyFields"/>
  <testcase name="providerStateTest" time="0.171" classname="ct.Testcases.CostTransparencyFields"/>
  <testcase name="providerStateTest" time="0.112" classname="ct.Testcases.CostTransparencyFields"/>
  <testcase name="providerCityTest" time="0.117" classname="ct.Testcases.CostTransparencyFields"/>
  <testcase name="providerStateTest" time="0.125" classname="ct.Testcases.CostTransparencyFields"/>
  <testcase name="providerZipcodeTest" time="0.111" classname="ct.Testcases.CostTransparencyFields"/>
  <testcase name="providerZipcodeTest" time="0.103" classname="ct.Testcases.CostTransparencyFields"/>
  <testcase name="providerZipcodeTest" time="0.102" classname="ct.Testcases.CostTransparencyFields"/>
  <testcase name="providerZipcodeTest" time="0.115" classname="ct.Testcases.CostTransparencyFields"/>
  <testcase name="providerSpecialityTest" time="0.099" classname="ct.Testcases.CostTransparencyFields"/>
  <testcase name="providerSpecialityTest" time="0.110" classname="ct.Testcases.CostTransparencyFields"/>
  <testcase name="providerSpecialityTest" time="0.119" classname="ct.Testcases.CostTransparencyFields"/>
  <testcase name="providerSpecialityTest" time="0.106" classname="ct.Testcases.CostTransparencyFields"/>
  <testcase name="providerNetworkStatusTest" time="0.128" classname="ct.Testcases.CostTransparencyFields"/>
  <testcase name="providerNetworkStatusTest" time="0.118" classname="ct.Testcases.CostTransparencyFields"/>
  <testcase name="providerNetworkStatusTest" time="0.171" classname="ct.Testcases.CostTransparencyFields"/>
  <testcase name="providerNetworkStatusTest" time="0.112" classname="ct.Testcases.CostTransparencyFields"/>
</testsuite> <!-- ct.Testcases.CostTransparencyFields -->
