<?xml version="1.0" encoding="UTF-8"?>
<!-- Generated by org.testng.reporters.JUnitReportReporter -->
<testsuite skipped="0" hostname="LHTU05CG4472DYW" name="ct.Testcases.CostTransparencyLabel" tests="48" failures="0" timestamp="2020-10-12T15:03:04 IST" time="25.207" errors="0">
  <testcase name="verifyLabelMebDemoGraphic" time="0.062" classname="ct.Testcases.CostTransparencyLabel"/>
  <testcase name="verifyLabelName" time="0.083" classname="ct.Testcases.CostTransparencyLabel"/>
  <testcase name="verifyLabelPhoneNo" time="0.048" classname="ct.Testcases.CostTransparencyLabel"/>
  <testcase name="verifyLabelDOB" time="0.053" classname="ct.Testcases.CostTransparencyLabel"/>
  <testcase name="verifyLabelHICN" time="0.079" classname="ct.Testcases.CostTransparencyLabel"/>
  <testcase name="verifyLabelMBI" time="0.041" classname="ct.Testcases.CostTransparencyLabel"/>
  <testcase name="verifyLabelLanguage" time="0.042" classname="ct.Testcases.CostTransparencyLabel"/>
  <testcase name="verifyLabelAddress" time="0.040" classname="ct.Testcases.CostTransparencyLabel"/>
  <testcase name="verifyLabelCity" time="0.041" classname="ct.Testcases.CostTransparencyLabel"/>
  <testcase name="verifyLabelState" time="0.042" classname="ct.Testcases.CostTransparencyLabel"/>
  <testcase name="verifyLabelPlanInfo" time="0.042" classname="ct.Testcases.CostTransparencyLabel"/>
  <testcase name="verifyLabelPlan" time="0.044" classname="ct.Testcases.CostTransparencyLabel"/>
  <testcase name="verifyLabelPlanName" time="0.043" classname="ct.Testcases.CostTransparencyLabel"/>
  <testcase name="verifyLabelDeductibeSpendOutNetwork" time="0.081" classname="ct.Testcases.CostTransparencyLabel"/>
  <testcase name="verifyLabelDeductibeLimitOutNetwork" time="0.074" classname="ct.Testcases.CostTransparencyLabel"/>
  <testcase name="verifyLabelDeductibeSpendInNetwork" time="0.081" classname="ct.Testcases.CostTransparencyLabel"/>
  <testcase name="verifyLabelDeductibeLimitInNetwork" time="19.963" classname="ct.Testcases.CostTransparencyLabel"/>
  <testcase name="verifyLabelOOPSpendOutNetwork" time="0.082" classname="ct.Testcases.CostTransparencyLabel"/>
  <testcase name="verifyLabelOOPLimitOutNetwork" time="0.086" classname="ct.Testcases.CostTransparencyLabel"/>
  <testcase name="verifyLabelOOPSpendInNetwork" time="0.079" classname="ct.Testcases.CostTransparencyLabel"/>
  <testcase name="verifyLabelOOPLimitInNetwork" time="0.078" classname="ct.Testcases.CostTransparencyLabel"/>
  <testcase name="verifyLabelPriorAuthInfo" time="0.080" classname="ct.Testcases.CostTransparencyLabel"/>
  <testcase name="verifyLabelHSCID" time="0.042" classname="ct.Testcases.CostTransparencyLabel"/>
  <testcase name="verifyLabelDateofProcedure" time="0.082" classname="ct.Testcases.CostTransparencyLabel"/>
  <testcase name="verifyLabelProcedureCode" time="0.094" classname="ct.Testcases.CostTransparencyLabel"/>
  <testcase name="verifyLabelFacility" time="0.103" classname="ct.Testcases.CostTransparencyLabel"/>
  <testcase name="verifyLabelReferanceNo" time="0.045" classname="ct.Testcases.CostTransparencyLabel"/>
  <testcase name="verifyLabelProviderInfo" time="0.074" classname="ct.Testcases.CostTransparencyLabel"/>
  <testcase name="verifyLabelProviderName" time="0.053" classname="ct.Testcases.CostTransparencyLabel"/>
  <testcase name="verifyLabelProviderAddress" time="0.051" classname="ct.Testcases.CostTransparencyLabel"/>
  <testcase name="verifyLabelProviderState" time="0.048" classname="ct.Testcases.CostTransparencyLabel"/>
  <testcase name="verifyLabelProviderCity" time="0.049" classname="ct.Testcases.CostTransparencyLabel"/>
  <testcase name="verifyLabelProviderZip" time="0.044" classname="ct.Testcases.CostTransparencyLabel"/>
  <testcase name="verifyLabelProviderSpeciality" time="0.043" classname="ct.Testcases.CostTransparencyLabel"/>
  <testcase name="verifyLabelProviderNetworkStatus" time="0.043" classname="ct.Testcases.CostTransparencyLabel"/>
  <testcase name="verifyLabelCCSCategory" time="0.045" classname="ct.Testcases.CostTransparencyLabel"/>
  <testcase name="verifyLabelDiagnosis" time="0.040" classname="ct.Testcases.CostTransparencyLabel"/>
  <testcase name="verifyLabelSurgeryExpected" time="0.040" classname="ct.Testcases.CostTransparencyLabel"/>
  <testcase name="verifyLabelSurgeryNotExpected" time="0.048" classname="ct.Testcases.CostTransparencyLabel"/>
  <testcase name="verifyLabelbuttonReset" time="0.044" classname="ct.Testcases.CostTransparencyLabel"/>
  <testcase name="verifyLabelbuttonSave" time="0.042" classname="ct.Testcases.CostTransparencyLabel"/>
  <testcase name="verifyLabelbuttonGoToSearch" time="0.039" classname="ct.Testcases.CostTransparencyLabel"/>
  <testcase name="verifyPreTableHeaders" time="0.651" classname="ct.Testcases.CostTransparencyLabel"/>
  <testcase name="verifyDuringTableHeaders" time="0.782" classname="ct.Testcases.CostTransparencyLabel"/>
  <testcase name="verifyPostTableHeaders" time="0.656" classname="ct.Testcases.CostTransparencyLabel"/>
  <testcase name="verifyLabelTotalIn" time="0.118" classname="ct.Testcases.CostTransparencyLabel"/>
  <testcase name="verifyLabelTotalOut" time="0.131" classname="ct.Testcases.CostTransparencyLabel"/>
  <testcase name="verifyLabelTable" time="0.536" classname="ct.Testcases.CostTransparencyLabel"/>
</testsuite> <!-- ct.Testcases.CostTransparencyLabel -->
