<?xml version="1.0" encoding="UTF-8"?>
<!-- Generated by org.testng.reporters.JUnitReportReporter -->
<testsuite skipped="10" hostname="LHTU05CG4472DYW" name="ct.Testcases.CostTransparencySurgeryExpected" tests="32" failures="0" timestamp="2020-10-12T15:03:03 IST" time="395.159" errors="0">
  <testcase name="getTotalInNetworkAmtForSurgeryTest" time="31.152" classname="ct.Testcases.CostTransparencySurgeryExpected"/>
  <testcase name="getTotalOutNetworkAmtForSurgeryTest" time="30.907" classname="ct.Testcases.CostTransparencySurgeryExpected"/>
  <testcase name="saveCostTypeGUITest" time="22.675" classname="ct.Testcases.CostTransparencySurgeryExpected"/>
  <testcase name="saveMainCostTypeTest" time="2.484" classname="ct.Testcases.CostTransparencySurgeryExpected"/>
  <testcase name="saveMessageTest" time="1.109" classname="ct.Testcases.CostTransparencySurgeryExpected"/>
  <testcase name="appActualEstimationDBTest" time="19.354" classname="ct.Testcases.CostTransparencySurgeryExpected"/>
  <testcase name="resetStatusMessageTest" time="11.440" classname="ct.Testcases.CostTransparencySurgeryExpected"/>
  <testcase name="resetGUITest" time="6.166" classname="ct.Testcases.CostTransparencySurgeryExpected"/>
  <testcase name="resetDBTest" time="5.906" classname="ct.Testcases.CostTransparencySurgeryExpected"/>
  <testcase name="closeEstimationEntryTest" time="15.829" classname="ct.Testcases.CostTransparencySurgeryExpected"/>
  <testcase name="closeIconEstimationEntryTest" time="15.303" classname="ct.Testcases.CostTransparencySurgeryExpected"/>
  <testcase name="mininvalidQuantityTest" time="9.237" classname="ct.Testcases.CostTransparencySurgeryExpected"/>
  <testcase name="maxinvalidQuantityTest" time="8.894" classname="ct.Testcases.CostTransparencySurgeryExpected"/>
  <testcase name="noChangesDetectedMainSaveTest" time="6.914" classname="ct.Testcases.CostTransparencySurgeryExpected"/>
  <testcase name="noChangesDetectedEstimationEntrySaveTest" time="10.974" classname="ct.Testcases.CostTransparencySurgeryExpected"/>
  <testcase name="noChangesDetectedResetTest" time="10.394" classname="ct.Testcases.CostTransparencySurgeryExpected"/>
  <testcase name="deleteCostTypeTest" time="10.073" classname="ct.Testcases.CostTransparencySurgeryExpected"/>
  <testcase name="switchToOriginalDataTest" time="10.221" classname="ct.Testcases.CostTransparencySurgeryExpected"/>
  <testcase name="switchToOriginalDataDBTest" time="32.988" classname="ct.Testcases.CostTransparencySurgeryExpected"/>
  <testcase name="oneTwentyDaysPastSwitchToOriginalDataDBTest" time="29.403" classname="ct.Testcases.CostTransparencySurgeryExpected"/>
  <testcase name="estimatedMemberOOPVsNetworkCostTest" time="5.375" classname="ct.Testcases.CostTransparencySurgeryExpected"/>
  <testcase name="editOnlyQuantityTest" time="98.361" classname="ct.Testcases.CostTransparencySurgeryExpected"/>
  <testcase name="getSubTotalEstimatedMemberOOPForNonSurgeryTest" classname="ct.Testcases.CostTransparencySurgeryExpected">
    <skipped/>
  </testcase> <!-- getSubTotalEstimatedMemberOOPForNonSurgeryTest -->
  <testcase name="getTotalEstimatedMemberOOPAmtForSurgeryTest" classname="ct.Testcases.CostTransparencySurgeryExpected">
    <skipped/>
  </testcase> <!-- getTotalEstimatedMemberOOPAmtForSurgeryTest -->
  <testcase name="getSubTotalAmountOutRangeForNonSurgeryTest" classname="ct.Testcases.CostTransparencySurgeryExpected">
    <skipped/>
  </testcase> <!-- getSubTotalAmountOutRangeForNonSurgeryTest -->
  <testcase name="getTotalEstimatedMemberOOPAmtForNonSurgeryTest" classname="ct.Testcases.CostTransparencySurgeryExpected">
    <skipped/>
  </testcase> <!-- getTotalEstimatedMemberOOPAmtForNonSurgeryTest -->
  <testcase name="getTotalOutNetworkAmtForNonSurgeryTest" classname="ct.Testcases.CostTransparencySurgeryExpected">
    <skipped/>
  </testcase> <!-- getTotalOutNetworkAmtForNonSurgeryTest -->
  <testcase name="getSubTotalAmountInRangeForNonSurgeryTest" classname="ct.Testcases.CostTransparencySurgeryExpected">
    <skipped/>
  </testcase> <!-- getSubTotalAmountInRangeForNonSurgeryTest -->
  <testcase name="getSubTotalEstimatedMemberOOPForSurgeryTest" classname="ct.Testcases.CostTransparencySurgeryExpected">
    <skipped/>
  </testcase> <!-- getSubTotalEstimatedMemberOOPForSurgeryTest -->
  <testcase name="getSubTotalAmountOutRangeForSurgeryTest" classname="ct.Testcases.CostTransparencySurgeryExpected">
    <skipped/>
  </testcase> <!-- getSubTotalAmountOutRangeForSurgeryTest -->
  <testcase name="getTotalInNetworkAmtForNonSurgeryTest" classname="ct.Testcases.CostTransparencySurgeryExpected">
    <skipped/>
  </testcase> <!-- getTotalInNetworkAmtForNonSurgeryTest -->
  <testcase name="getSubTotalAmountInRangeForSurgeryTest" classname="ct.Testcases.CostTransparencySurgeryExpected">
    <skipped/>
  </testcase> <!-- getSubTotalAmountInRangeForSurgeryTest -->
</testsuite> <!-- ct.Testcases.CostTransparencySurgeryExpected -->
